<?xml version="1.0" encoding="UTF-8"?>
<!-- Generated by org.testng.reporters.JUnitXMLReporter -->
<testsuite ignored="0" hostname="RUPALNAR01" failures="0" tests="2" name="SubmitTestOrder" time="0.223" errors="0" timestamp="2025-04-19T21:49:41 IST">
  <testcase classname="Ecommerce.tests.SubmitTestOrder" name="SubmitOrder" time="0.0">
    <skipped/>
  </testcase> <!-- SubmitOrder -->
  <testcase classname="Ecommerce.tests.SubmitTestOrder" name="SubmitOrder" time="0.0">
    <skipped/>
  </testcase> <!-- SubmitOrder -->
</testsuite> <!-- SubmitTestOrder -->
