<?xml version="1.0" encoding="UTF-8"?>
<!-- Generated by org.testng.reporters.JUnitXMLReporter -->
<testsuite ignored="0" hostname="RUPALNAR01" failures="0" tests="2" name="ErrorValidastionsTest" time="32.952" errors="0" timestamp="2025-04-20T22:40:52 IST">
  <testcase classname="Ecommerce.tests.ErrorValidastions" name="LoginErrorValidastion" time="0.404"/>
  <testcase classname="Ecommerce.tests.ErrorValidastions" name="ProductErrorValidastion" time="20.259"/>
</testsuite> <!-- ErrorValidastionsTest -->
